<?xml version="1.0" encoding="UTF-8"?>
<testsuite name="com.example.project.TipCalculatorTest" tests="3" skipped="0" failures="0" errors="0" timestamp="2024-09-27T03:44:58" hostname="codespaces-abdf81" time="0.059">
  <properties/>
  <testcase name="testCalculateTip2()" classname="com.example.project.TipCalculatorTest" time="0.044"/>
  <testcase name="testCalculateTip3()" classname="com.example.project.TipCalculatorTest" time="0.001"/>
  <testcase name="testCalculateTip()" classname="com.example.project.TipCalculatorTest" time="0.006"/>
  <system-out><![CDATA[]]></system-out>
  <system-err><![CDATA[]]></system-err>
</testsuite>
